<?xml version="1.0" encoding="UTF-8"?>
<!-- Generated by org.testng.reporters.JUnitReportReporter -->
<testsuite skipped="0" hostname="DESKTOP-1F94S9A" name="seleniumPreparation.BrokenLINks" tests="1" failures="0" timestamp="07 Jan 2020 06:20:11 GMT" time="28.579" errors="0">
  <testcase name="brokenlinks" time="28.579" classname="seleniumPreparation.BrokenLINks"/>
</testsuite> <!-- seleniumPreparation.BrokenLINks -->
