<?xml version="1.0" encoding="UTF-8"?>
<!-- Generated by org.testng.reporters.JUnitReportReporter -->
<testsuite skipped="0" hostname="DESKTOP-1F94S9A" name="Test.PracticePageTest" tests="1" failures="0" timestamp="22 Feb 2022 12:32:05 GMT" time="2.884" errors="0">
  <testcase name="fillForm" time="2.884" classname="Test.PracticePageTest"/>
</testsuite> <!-- Test.PracticePageTest -->
