<?xml version="1.0" encoding="UTF-8"?>
<!-- Generated by org.testng.reporters.JUnitReportReporter -->
<testsuite skipped="0" hostname="DESKTOP-1F94S9A" name="seleniumPreparation.dataProvider" tests="3" failures="0" timestamp="28 Dec 2019 10:45:30 GMT" time="0.020" errors="0">
  <testcase name="getData" time="0.011" classname="seleniumPreparation.dataProvider"/>
  <testcase name="getData" time="0.005" classname="seleniumPreparation.dataProvider"/>
  <testcase name="getData" time="0.004" classname="seleniumPreparation.dataProvider"/>
</testsuite> <!-- seleniumPreparation.dataProvider -->
